# JRE version: Java(TM) SE Runtime Environment (8.0_91-b14) (build 1.8.0_91-b14)
# Java VM: Java HotSpot(TM) 64-Bit Server VM (25.91-b14 mixed mode windows-amd64 compressed oops)
Heap:
 PSYoungGen      total 293888K, used 18932K [0x0000000716c00000, 0x000000072ce00000, 0x00000007c0000000)
  eden space 274944K, 0% used [0x0000000716c00000,0x0000000716c00000,0x0000000727880000)
  from space 18944K, 99% used [0x0000000728f80000,0x000000072a1fd340,0x000000072a200000)
  to   space 23552K, 0% used [0x0000000727880000,0x0000000727880000,0x0000000728f80000)
 ParOldGen       total 307712K, used 27207K [0x00000005c4400000, 0x00000005d7080000, 0x0000000716c00000)
  object space 307712K, 8% used [0x00000005c4400000,0x00000005c5e91e08,0x00000005d7080000)
 Metaspace       used 90103K, capacity 98284K, committed 98380K, reserved 1134592K
  class space    used 12267K, capacity 13608K, committed 13644K, reserved 1048576K
GC Heap History (10 events):
Event: 5.315 GC heap after
Heap after GC invocations=7 (full 2):
 PSYoungGen      total 258048K, used 12067K [0x0000000716c00000, 0x000000072a200000, 0x00000007c0000000)
  eden space 236544K, 0% used [0x0000000716c00000,0x0000000716c00000,0x0000000725300000)
  from space 21504K, 56% used [0x0000000725300000,0x0000000725ec8d58,0x0000000726800000)
  to   space 18944K, 0% used [0x0000000728f80000,0x0000000728f80000,0x000000072a200000)
 ParOldGen       total 227840K, used 17300K [0x00000005c4400000, 0x00000005d2280000, 0x0000000716c00000)
  object space 227840K, 7% used [0x00000005c4400000,0x00000005c54e50f8,0x00000005d2280000)
 Metaspace       used 55740K, capacity 58940K, committed 59028K, reserved 1099776K
  class space    used 7191K, capacity 7863K, committed 7936K, reserved 1048576K
}
Event: 5.315 GC heap before
{Heap before GC invocations=8 (full 3):
 PSYoungGen      total 258048K, used 12067K [0x0000000716c00000, 0x000000072a200000, 0x00000007c0000000)
  eden space 236544K, 0% used [0x0000000716c00000,0x0000000716c00000,0x0000000725300000)
  from space 21504K, 56% used [0x0000000725300000,0x0000000725ec8d58,0x0000000726800000)
  to   space 18944K, 0% used [0x0000000728f80000,0x0000000728f80000,0x000000072a200000)
 ParOldGen       total 227840K, used 17300K [0x00000005c4400000, 0x00000005d2280000, 0x0000000716c00000)
  object space 227840K, 7% used [0x00000005c4400000,0x00000005c54e50f8,0x00000005d2280000)
 Metaspace       used 55740K, capacity 58940K, committed 59028K, reserved 1099776K
  class space    used 7191K, capacity 7863K, committed 7936K, reserved 1048576K
Event: 5.395 GC heap after
Heap after GC invocations=8 (full 3):
 PSYoungGen      total 258048K, used 0K [0x0000000716c00000, 0x000000072a200000, 0x00000007c0000000)
  eden space 236544K, 0% used [0x0000000716c00000,0x0000000716c00000,0x0000000725300000)
  from space 21504K, 0% used [0x0000000725300000,0x0000000725300000,0x0000000726800000)
  to   space 18944K, 0% used [0x0000000728f80000,0x0000000728f80000,0x000000072a200000)
 ParOldGen       total 307712K, used 18576K [0x00000005c4400000, 0x00000005d7080000, 0x0000000716c00000)
  object space 307712K, 6% used [0x00000005c4400000,0x00000005c5624390,0x00000005d7080000)
 Metaspace       used 55740K, capacity 58940K, committed 59028K, reserved 1099776K
  class space    used 7191K, capacity 7863K, committed 7936K, reserved 1048576K
}
Event: 7.998 GC heap before
{Heap before GC invocations=9 (full 3):
 PSYoungGen      total 258048K, used 236544K [0x0000000716c00000, 0x000000072a200000, 0x00000007c0000000)
  eden space 236544K, 100% used [0x0000000716c00000,0x0000000725300000,0x0000000725300000)
  from space 21504K, 0% used [0x0000000725300000,0x0000000725300000,0x0000000726800000)
  to   space 18944K, 0% used [0x0000000728f80000,0x0000000728f80000,0x000000072a200000)
 ParOldGen       total 307712K, used 18576K [0x00000005c4400000, 0x00000005d7080000, 0x0000000716c00000)
  object space 307712K, 6% used [0x00000005c4400000,0x00000005c5624390,0x00000005d7080000)
 Metaspace       used 76935K, capacity 81510K, committed 81664K, reserved 1120256K
  class space    used 10419K, capacity 11258K, committed 11264K, reserved 1048576K
Event: 8.009 GC heap after
Heap after GC invocations=9 (full 3):
 PSYoungGen      total 293888K, used 18913K [0x0000000716c00000, 0x000000072ce00000, 0x00000007c0000000)
  eden space 274944K, 0% used [0x0000000716c00000,0x0000000716c00000,0x0000000727880000)
  from space 18944K, 99% used [0x0000000728f80000,0x000000072a1f8520,0x000000072a200000)
  to   space 23552K, 0% used [0x0000000727880000,0x0000000727880000,0x0000000728f80000)
 ParOldGen       total 307712K, used 21957K [0x00000005c4400000, 0x00000005d7080000, 0x0000000716c00000)
  object space 307712K, 7% used [0x00000005c4400000,0x00000005c5971740,0x00000005d7080000)
 Metaspace       used 76935K, capacity 81510K, committed 81664K, reserved 1120256K
  class space    used 10419K, capacity 11258K, committed 11264K, reserved 1048576K
}
Event: 8.864 GC heap before
{Heap before GC invocations=10 (full 3):
 PSYoungGen      total 293888K, used 293857K [0x0000000716c00000, 0x000000072ce00000, 0x00000007c0000000)
  eden space 274944K, 100% used [0x0000000716c00000,0x0000000727880000,0x0000000727880000)
  from space 18944K, 99% used [0x0000000728f80000,0x000000072a1f8520,0x000000072a200000)
  to   space 23552K, 0% used [0x0000000727880000,0x0000000727880000,0x0000000728f80000)
 ParOldGen       total 307712K, used 21972K [0x00000005c4400000, 0x00000005d7080000, 0x0000000716c00000)
  object space 307712K, 7% used [0x00000005c4400000,0x00000005c5975128,0x00000005d7080000)
 Metaspace       used 90019K, capacity 98174K, committed 98304K, reserved 1134592K
  class space    used 12253K, capacity 13563K, committed 13568K, reserved 1048576K
Event: 8.879 GC heap after
Heap after GC invocations=10 (full 3):
 PSYoungGen      total 298496K, used 23536K [0x0000000716c00000, 0x000000072ce00000, 0x00000007c0000000)
  eden space 274944K, 0% used [0x0000000716c00000,0x0000000716c00000,0x0000000727880000)
  from space 23552K, 99% used [0x0000000727880000,0x0000000728f7c350,0x0000000728f80000)
  to   space 18944K, 0% used [0x0000000728f80000,0x0000000728f80000,0x000000072a200000)
 ParOldGen       total 307712K, used 27162K [0x00000005c4400000, 0x00000005d7080000, 0x0000000716c00000)
  object space 307712K, 8% used [0x00000005c4400000,0x00000005c5e869b8,0x00000005d7080000)
 Metaspace       used 90019K, capacity 98174K, committed 98304K, reserved 1134592K
  class space    used 12253K, capacity 13563K, committed 13568K, reserved 1048576K
}
Event: 8.900 GC heap before
{Heap before GC invocations=11 (full 3):
 PSYoungGen      total 298496K, used 30533K [0x0000000716c00000, 0x000000072ce00000, 0x00000007c0000000)
  eden space 274944K, 2% used [0x0000000716c00000,0x00000007172d53d0,0x0000000727880000)
  from space 23552K, 99% used [0x0000000727880000,0x0000000728f7c350,0x0000000728f80000)
  to   space 18944K, 0% used [0x0000000728f80000,0x0000000728f80000,0x000000072a200000)
 ParOldGen       total 307712K, used 27162K [0x00000005c4400000, 0x00000005d7080000, 0x0000000716c00000)
  object space 307712K, 8% used [0x00000005c4400000,0x00000005c5e869b8,0x00000005d7080000)
 Metaspace       used 90103K, capacity 98284K, committed 98380K, reserved 1134592K
  class space    used 12267K, capacity 13608K, committed 13644K, reserved 1048576K
Event: 8.907 GC heap after
Heap after GC invocations=11 (full 3):
 PSYoungGen      total 293888K, used 18932K [0x0000000716c00000, 0x000000072ce00000, 0x00000007c0000000)
  eden space 274944K, 0% used [0x0000000716c00000,0x0000000716c00000,0x0000000727880000)
  from space 18944K, 99% used [0x0000000728f80000,0x000000072a1fd340,0x000000072a200000)
  to   space 23552K, 0% used [0x0000000727880000,0x0000000727880000,0x0000000728f80000)
 ParOldGen       total 307712K, used 27207K [0x00000005c4400000, 0x00000005d7080000, 0x0000000716c00000)
  object space 307712K, 8% used [0x00000005c4400000,0x00000005c5e91e08,0x00000005d7080000)
 Metaspace       used 90103K, capacity 98284K, committed 98380K, reserved 1134592K
  class space    used 12267K, capacity 13608K, committed 13644K, reserved 1048576K
}
Event: 8.907 GC heap before
{Heap before GC invocations=12 (full 4):
 PSYoungGen      total 293888K, used 18932K [0x0000000716c00000, 0x000000072ce00000, 0x00000007c0000000)
  eden space 274944K, 0% used [0x0000000716c00000,0x0000000716c00000,0x0000000727880000)
  from space 18944K, 99% used [0x0000000728f80000,0x000000072a1fd340,0x000000072a200000)
  to   space 23552K, 0% used [0x0000000727880000,0x0000000727880000,0x0000000728f80000)
 ParOldGen       total 307712K, used 27207K [0x00000005c4400000, 0x00000005d7080000, 0x0000000716c00000)
  object space 307712K, 8% used [0x00000005c4400000,0x00000005c5e91e08,0x00000005d7080000)
 Metaspace       used 90103K, capacity 98284K, committed 98380K, reserved 1134592K
  class space    used 12267K, capacity 13608K, committed 13644K, reserved 1048576K

