# JRE version: Java(TM) SE Runtime Environment (8.0_91-b14) (build 1.8.0_91-b14)
# Java VM: Java HotSpot(TM) 64-Bit Server VM (25.91-b14 mixed mode windows-amd64 compressed oops)
Heap:
 PSYoungGen      total 275968K, used 48394K [0x0000000716c00000, 0x000000072c680000, 0x00000007c0000000)
  eden space 249344K, 15% used [0x0000000716c00000,0x000000071921dac8,0x0000000725f80000)
  from space 26624K, 35% used [0x0000000725f80000,0x00000007268a4f08,0x0000000727980000)
  to   space 26624K, 0% used [0x000000072ac80000,0x000000072ac80000,0x000000072c680000)
 ParOldGen       total 826880K, used 34548K [0x00000005c4400000, 0x00000005f6b80000, 0x0000000716c00000)
  object space 826880K, 4% used [0x00000005c4400000,0x00000005c65bd0f8,0x00000005f6b80000)
 Metaspace       used 95015K, capacity 103003K, committed 104140K, reserved 1138688K
  class space    used 12809K, capacity 14198K, committed 14336K, reserved 1048576K
GC Heap History (10 events):
Event: 4.866 GC heap before
{Heap before GC invocations=9 (full 3):
 PSYoungGen      total 183808K, used 162304K [0x0000000716c00000, 0x0000000726500000, 0x00000007c0000000)
  eden space 162304K, 100% used [0x0000000716c00000,0x0000000720a80000,0x0000000720a80000)
  from space 21504K, 0% used [0x0000000720a80000,0x0000000720a80000,0x0000000721f80000)
  to   space 19968K, 0% used [0x0000000725180000,0x0000000725180000,0x0000000726500000)
 ParOldGen       total 590336K, used 12277K [0x00000005c4400000, 0x00000005e8480000, 0x0000000716c00000)
  object space 590336K, 2% used [0x00000005c4400000,0x00000005c4ffd698,0x00000005e8480000)
 Metaspace       used 73710K, capacity 78498K, committed 78680K, reserved 1118208K
  class space    used 10011K, capacity 10865K, committed 10880K, reserved 1048576K
Event: 4.878 GC heap after
Heap after GC invocations=9 (full 3):
 PSYoungGen      total 221696K, used 18233K [0x0000000716c00000, 0x0000000726380000, 0x00000007c0000000)
  eden space 203264K, 0% used [0x0000000716c00000,0x0000000716c00000,0x0000000723280000)
  from space 18432K, 98% used [0x0000000725180000,0x000000072634e638,0x0000000726380000)
  to   space 22016K, 0% used [0x0000000723880000,0x0000000723880000,0x0000000724e00000)
 ParOldGen       total 590336K, used 12285K [0x00000005c4400000, 0x00000005e8480000, 0x0000000716c00000)
  object space 590336K, 2% used [0x00000005c4400000,0x00000005c4fff698,0x00000005e8480000)
 Metaspace       used 73710K, capacity 78498K, committed 78680K, reserved 1118208K
  class space    used 10011K, capacity 10865K, committed 10880K, reserved 1048576K
}
Event: 5.937 GC heap before
{Heap before GC invocations=10 (full 3):
 PSYoungGen      total 221696K, used 221497K [0x0000000716c00000, 0x0000000726380000, 0x00000007c0000000)
  eden space 203264K, 100% used [0x0000000716c00000,0x0000000723280000,0x0000000723280000)
  from space 18432K, 98% used [0x0000000725180000,0x000000072634e638,0x0000000726380000)
  to   space 22016K, 0% used [0x0000000723880000,0x0000000723880000,0x0000000724e00000)
 ParOldGen       total 590336K, used 12285K [0x00000005c4400000, 0x00000005e8480000, 0x0000000716c00000)
  object space 590336K, 2% used [0x00000005c4400000,0x00000005c4fff698,0x00000005e8480000)
 Metaspace       used 84307K, capacity 90752K, committed 91096K, reserved 1128448K
  class space    used 11606K, capacity 12708K, committed 12800K, reserved 1048576K
Event: 5.946 GC heap after
Heap after GC invocations=10 (full 3):
 PSYoungGen      total 231424K, used 19100K [0x0000000716c00000, 0x0000000729080000, 0x00000007c0000000)
  eden space 209408K, 0% used [0x0000000716c00000,0x0000000716c00000,0x0000000723880000)
  from space 22016K, 86% used [0x0000000723880000,0x0000000724b27218,0x0000000724e00000)
  to   space 23552K, 0% used [0x0000000727980000,0x0000000727980000,0x0000000729080000)
 ParOldGen       total 590336K, used 12293K [0x00000005c4400000, 0x00000005e8480000, 0x0000000716c00000)
  object space 590336K, 2% used [0x00000005c4400000,0x00000005c5001698,0x00000005e8480000)
 Metaspace       used 84307K, capacity 90752K, committed 91096K, reserved 1128448K
  class space    used 11606K, capacity 12708K, committed 12800K, reserved 1048576K
}
Event: 6.167 GC heap before
{Heap before GC invocations=11 (full 3):
 PSYoungGen      total 231424K, used 163497K [0x0000000716c00000, 0x0000000729080000, 0x00000007c0000000)
  eden space 209408K, 68% used [0x0000000716c00000,0x000000071f9034c0,0x0000000723880000)
  from space 22016K, 86% used [0x0000000723880000,0x0000000724b27218,0x0000000724e00000)
  to   space 23552K, 0% used [0x0000000727980000,0x0000000727980000,0x0000000729080000)
 ParOldGen       total 590336K, used 12293K [0x00000005c4400000, 0x00000005e8480000, 0x0000000716c00000)
  object space 590336K, 2% used [0x00000005c4400000,0x00000005c5001698,0x00000005e8480000)
 Metaspace       used 89574K, capacity 98351K, committed 98380K, reserved 1134592K
  class space    used 12312K, capacity 13696K, committed 13696K, reserved 1048576K
Event: 6.179 GC heap after
Heap after GC invocations=11 (full 3):
 PSYoungGen      total 272896K, used 23546K [0x0000000716c00000, 0x000000072bb80000, 0x00000007c0000000)
  eden space 249344K, 0% used [0x0000000716c00000,0x0000000716c00000,0x0000000725f80000)
  from space 23552K, 99% used [0x0000000727980000,0x000000072907e9a8,0x0000000729080000)
  to   space 26624K, 0% used [0x0000000725f80000,0x0000000725f80000,0x0000000727980000)
 ParOldGen       total 590336K, used 12325K [0x00000005c4400000, 0x00000005e8480000, 0x0000000716c00000)
  object space 590336K, 2% used [0x00000005c4400000,0x00000005c5009698,0x00000005e8480000)
 Metaspace       used 89574K, capacity 98351K, committed 98380K, reserved 1134592K
  class space    used 12312K, capacity 13696K, committed 13696K, reserved 1048576K
}
Event: 6.179 GC heap before
{Heap before GC invocations=12 (full 4):
 PSYoungGen      total 272896K, used 23546K [0x0000000716c00000, 0x000000072bb80000, 0x00000007c0000000)
  eden space 249344K, 0% used [0x0000000716c00000,0x0000000716c00000,0x0000000725f80000)
  from space 23552K, 99% used [0x0000000727980000,0x000000072907e9a8,0x0000000729080000)
  to   space 26624K, 0% used [0x0000000725f80000,0x0000000725f80000,0x0000000727980000)
 ParOldGen       total 590336K, used 12325K [0x00000005c4400000, 0x00000005e8480000, 0x0000000716c00000)
  object space 590336K, 2% used [0x00000005c4400000,0x00000005c5009698,0x00000005e8480000)
 Metaspace       used 89574K, capacity 98351K, committed 98380K, reserved 1134592K
  class space    used 12312K, capacity 13696K, committed 13696K, reserved 1048576K
Event: 6.265 GC heap after
Heap after GC invocations=12 (full 4):
 PSYoungGen      total 272896K, used 0K [0x0000000716c00000, 0x000000072bb80000, 0x00000007c0000000)
  eden space 249344K, 0% used [0x0000000716c00000,0x0000000716c00000,0x0000000725f80000)
  from space 23552K, 0% used [0x0000000727980000,0x0000000727980000,0x0000000729080000)
  to   space 26624K, 0% used [0x0000000725f80000,0x0000000725f80000,0x0000000727980000)
 ParOldGen       total 826880K, used 34540K [0x00000005c4400000, 0x00000005f6b80000, 0x0000000716c00000)
  object space 826880K, 4% used [0x00000005c4400000,0x00000005c65bb0f8,0x00000005f6b80000)
 Metaspace       used 88472K, capacity 94989K, committed 98380K, reserved 1134592K
  class space    used 11945K, capacity 13069K, committed 13696K, reserved 1048576K
}
Event: 6.932 GC heap before
{Heap before GC invocations=13 (full 4):
 PSYoungGen      total 272896K, used 249344K [0x0000000716c00000, 0x000000072bb80000, 0x00000007c0000000)
  eden space 249344K, 100% used [0x0000000716c00000,0x0000000725f80000,0x0000000725f80000)
  from space 23552K, 0% used [0x0000000727980000,0x0000000727980000,0x0000000729080000)
  to   space 26624K, 0% used [0x0000000725f80000,0x0000000725f80000,0x0000000727980000)
 ParOldGen       total 826880K, used 34540K [0x00000005c4400000, 0x00000005f6b80000, 0x0000000716c00000)
  object space 826880K, 4% used [0x00000005c4400000,0x00000005c65bb0f8,0x00000005f6b80000)
 Metaspace       used 94648K, capacity 102503K, committed 103756K, reserved 1138688K
  class space    used 12771K, capacity 14118K, committed 14208K, reserved 1048576K
Event: 6.938 GC heap after
Heap after GC invocations=13 (full 4):
 PSYoungGen      total 275968K, used 9363K [0x0000000716c00000, 0x000000072c680000, 0x00000007c0000000)
  eden space 249344K, 0% used [0x0000000716c00000,0x0000000716c00000,0x0000000725f80000)
  from space 26624K, 35% used [0x0000000725f80000,0x00000007268a4f08,0x0000000727980000)
  to   space 26624K, 0% used [0x000000072ac80000,0x000000072ac80000,0x000000072c680000)
 ParOldGen       total 826880K, used 34548K [0x00000005c4400000, 0x00000005f6b80000, 0x0000000716c00000)
  object space 826880K, 4% used [0x00000005c4400000,0x00000005c65bd0f8,0x00000005f6b80000)
 Metaspace       used 94648K, capacity 102503K, committed 103756K, reserved 1138688K
  class space    used 12771K, capacity 14118K, committed 14208K, reserved 1048576K
}

